<?xml version="1.0" encoding="UTF-8"?>
<!-- Generated by org.testng.reporters.JUnitReportReporter -->
<testsuite hostname="DESKTOP-UL0E6NS" name="login.trademart.AppTest" tests="1" failures="0" timestamp="3 Dec 2019 11:55:45 GMT" time="18.686" errors="0">
  <testcase name="applogin" time="18.686" classname="login.trademart.AppTest"/>
</testsuite> <!-- login.trademart.AppTest -->
